[2020-06-01 22:42:19.223] [sharedprocess] [info] main {"machineId":"2c07bcf57787bb88859b4616a615793d42521219fd459c6ef761feb08d98bcf5","windowId":2}
[2020-06-01 22:42:21.964] [sharedprocess] [info] Deleted from disk ms-vscode.cpptools /home/vlad/.vscode-oss/extensions/ms-vscode.cpptools-0.27.1
[2020-06-01 22:42:22.458] [sharedprocess] [info] Deleted from disk ms-python.python /home/vlad/.vscode-oss/extensions/ms-python.python-2020.4.76186
[2020-06-01 22:42:24.225] [sharedprocess] [info] Installing extension: jeff-hykin.better-cpp-syntax
[2020-06-01 22:42:24.225] [sharedprocess] [info] Installing extension: ms-dotnettools.csharp
[2020-06-01 22:42:24.225] [sharedprocess] [info] Installing extension: ms-python.python
[2020-06-01 22:42:24.226] [sharedprocess] [info] Installing extension: ms-vscode.cpptools
[2020-06-01 22:42:24.226] [sharedprocess] [info] Installing extension: redhat.java
[2020-06-01 22:42:25.566] [sharedprocess] [info] Downloaded extension: ms-dotnettools.csharp /tmp/385e10a0-e97d-4871-8b89-21247e7f0b78
[2020-06-01 22:42:25.674] [sharedprocess] [info] Extracted extension to /home/vlad/.vscode-oss/extensions/.ms-dotnettools.csharp-1.22.0: ms-dotnettools.csharp
[2020-06-01 22:42:25.674] [sharedprocess] [info] Renamed to /home/vlad/.vscode-oss/extensions/ms-dotnettools.csharp-1.22.0
[2020-06-01 22:42:25.678] [sharedprocess] [info] Installation completed. ms-dotnettools.csharp
[2020-06-01 22:42:25.763] [sharedprocess] [info] Extensions installed successfully: ms-dotnettools.csharp
[2020-06-01 22:42:25.800] [sharedprocess] [info] Downloaded extension: jeff-hykin.better-cpp-syntax /tmp/7b783177-76fc-48db-adba-9ae99d1f08c6
[2020-06-01 22:42:25.824] [sharedprocess] [info] Downloaded extension: ms-vscode.cpptools /tmp/5cc57cbe-1351-442c-8bbb-2966a43b627e
[2020-06-01 22:42:26.050] [sharedprocess] [info] Extracted extension to /home/vlad/.vscode-oss/extensions/.jeff-hykin.better-cpp-syntax-1.14.31: jeff-hykin.better-cpp-syntax
[2020-06-01 22:42:26.050] [sharedprocess] [info] Renamed to /home/vlad/.vscode-oss/extensions/jeff-hykin.better-cpp-syntax-1.14.31
[2020-06-01 22:42:26.051] [sharedprocess] [info] Installation completed. jeff-hykin.better-cpp-syntax
[2020-06-01 22:42:26.113] [sharedprocess] [info] Extensions installed successfully: jeff-hykin.better-cpp-syntax
[2020-06-01 22:42:26.367] [sharedprocess] [info] Extracted extension to /home/vlad/.vscode-oss/extensions/.ms-vscode.cpptools-0.28.1: ms-vscode.cpptools
[2020-06-01 22:42:26.367] [sharedprocess] [info] Renamed to /home/vlad/.vscode-oss/extensions/ms-vscode.cpptools-0.28.1
[2020-06-01 22:42:26.373] [sharedprocess] [info] Installation completed. ms-vscode.cpptools
[2020-06-01 22:42:26.983] [sharedprocess] [info] Extensions installed successfully: ms-vscode.cpptools
[2020-06-01 22:42:39.212] [sharedprocess] [info] Downloaded extension: redhat.java /tmp/07e88be6-3322-41e7-a46d-7308cae37224
[2020-06-01 22:42:40.169] [sharedprocess] [info] Downloaded extension: ms-python.python /tmp/47769dcf-dea1-42de-9853-3361039d86d9
[2020-06-01 22:42:40.509] [sharedprocess] [info] Extracted extension to /home/vlad/.vscode-oss/extensions/.redhat.java-0.62.0: redhat.java
[2020-06-01 22:42:40.509] [sharedprocess] [info] Renamed to /home/vlad/.vscode-oss/extensions/redhat.java-0.62.0
[2020-06-01 22:42:40.510] [sharedprocess] [info] Installation completed. redhat.java
[2020-06-01 22:42:40.585] [sharedprocess] [info] Extensions installed successfully: redhat.java
[2020-06-01 22:42:43.216] [sharedprocess] [info] Extracted extension to /home/vlad/.vscode-oss/extensions/.ms-python.python-2020.5.80290: ms-python.python
[2020-06-01 22:42:43.216] [sharedprocess] [info] Renamed to /home/vlad/.vscode-oss/extensions/ms-python.python-2020.5.80290
[2020-06-01 22:42:43.221] [sharedprocess] [info] Installation completed. ms-python.python
[2020-06-01 22:42:43.351] [sharedprocess] [info] Extensions installed successfully: ms-python.python
[2020-06-01 22:42:59.245] [sharedprocess] [info] Starting to clean up unused language packs.
