00:00:01.874110 VirtualBox GUI VM Selector Window 6.1.6 r137129 linux.amd64 (Apr 15 2020 10:13:28) release log
00:00:01.874111 Log opened 2020-05-09T22:20:09.372526000Z
00:00:01.874112 Build Type: release
00:00:01.874114 OS Product: Linux
00:00:01.874115 OS Release: 5.6.11-arch1-1
00:00:01.874116 OS Version: #1 SMP PREEMPT Wed, 06 May 2020 17:32:37 +0000
00:00:01.874132 DMI Product Name: 20F5S2GY00
00:00:01.874138 DMI Product Version: ThinkPad X260
00:00:01.874142 Firmware type: UEFI
00:00:01.874560 Secure Boot: Disabled
00:00:01.874594 Host RAM: 7833MB (7.6GB) total, 7328MB (7.1GB) available
00:00:01.874596 Executable: /usr/lib/virtualbox/VirtualBox
00:00:01.874597 Process ID: 3027
00:00:01.874597 Package type: LINUX_64BITS_GENERIC (OSE)
00:00:01.874622 Qt version: 5.14.2
00:00:01.964549 GUI: UIMediumEnumerator: Medium-enumeration started...
00:00:02.556578 GUI: UIDesktopWidgetWatchdog::sltHandleHostScreenAvailableGeometryCalculated: Screen 0 work area is actually resized to: 0x28 x 1366x740
00:00:02.594395 GUI: UIMediumEnumerator: Medium-enumeration finished!
00:11:25.845635 GUI: UIMediumEnumerator: Medium-enumeration finished!
00:11:26.106141 GUI: UIMediumEnumerator: Medium-enumeration finished!
00:13:14.204321 GUI: UIMediumEnumerator: Medium-enumeration finished!
00:13:14.354004 GUI: UIMediumEnumerator: Medium-enumeration finished!
00:18:18.132303 GUI: UIMediumEnumerator: Medium-enumeration finished!
