[2020-05-19 01:02:00.688] [exthost] [info] extension host started
[2020-05-19 01:02:00.716] [exthost] [info] ExtensionService#_doActivateExtension vscode.debug-auto-launch {"startup":true,"extensionId":{"value":"vscode.debug-auto-launch","_lower":"vscode.debug-auto-launch"},"activationEvent":"*"}
[2020-05-19 01:02:00.716] [exthost] [info] ExtensionService#loadCommonJSModule file:///usr/lib/code/extensions/debug-auto-launch/dist/extension
[2020-05-19 01:02:00.872] [exthost] [info] ExtensionService#_doActivateExtension vscode.emmet {"startup":true,"extensionId":{"value":"vscode.emmet","_lower":"vscode.emmet"},"activationEvent":"*"}
[2020-05-19 01:02:00.872] [exthost] [info] ExtensionService#loadCommonJSModule file:///usr/lib/code/extensions/emmet/dist/extension
[2020-05-19 01:02:00.996] [exthost] [info] ExtensionService#_doActivateExtension vscode.git {"startup":true,"extensionId":{"value":"vscode.git","_lower":"vscode.git"},"activationEvent":"*"}
[2020-05-19 01:02:00.996] [exthost] [info] ExtensionService#loadCommonJSModule file:///usr/lib/code/extensions/git/dist/main
[2020-05-19 01:02:01.177] [exthost] [info] ExtensionService#_doActivateExtension vscode.github-authentication {"startup":true,"extensionId":{"value":"vscode.github-authentication","_lower":"vscode.github-authentication"},"activationEvent":"*"}
[2020-05-19 01:02:01.177] [exthost] [info] ExtensionService#loadCommonJSModule file:///usr/lib/code/extensions/github-authentication/dist/extension.js
[2020-05-19 01:02:01.194] [exthost] [info] ExtensionService#_doActivateExtension vscode.merge-conflict {"startup":true,"extensionId":{"value":"vscode.merge-conflict","_lower":"vscode.merge-conflict"},"activationEvent":"*"}
[2020-05-19 01:02:01.194] [exthost] [info] ExtensionService#loadCommonJSModule file:///usr/lib/code/extensions/merge-conflict/dist/extension
[2020-05-19 01:02:01.216] [exthost] [info] ExtensionService#_doActivateExtension vscode.search-result {"startup":true,"extensionId":{"value":"vscode.search-result","_lower":"vscode.search-result"},"activationEvent":"*"}
[2020-05-19 01:02:01.216] [exthost] [info] ExtensionService#loadCommonJSModule file:///usr/lib/code/extensions/search-result/dist/extension.js
[2020-05-19 01:02:01.230] [exthost] [info] ExtensionService#_doActivateExtension vscode.vscode-account {"startup":true,"extensionId":{"value":"vscode.vscode-account","_lower":"vscode.vscode-account"},"activationEvent":"*"}
[2020-05-19 01:02:01.230] [exthost] [info] ExtensionService#loadCommonJSModule file:///usr/lib/code/extensions/vscode-account/dist/extension.js
[2020-05-19 01:02:01.261] [exthost] [info] ExtensionService#_doActivateExtension eamodio.gitlens {"startup":true,"extensionId":{"value":"eamodio.gitlens","_lower":"eamodio.gitlens"},"activationEvent":"*"}
[2020-05-19 01:02:01.261] [exthost] [info] ExtensionService#loadCommonJSModule file:///home/vlad/.vscode-oss/extensions/eamodio.gitlens-10.2.1/dist/extension
[2020-05-19 01:02:01.345] [exthost] [info] ExtensionService#_doActivateExtension ritwickdey.LiveServer {"startup":true,"extensionId":{"value":"ritwickdey.LiveServer","_lower":"ritwickdey.liveserver"},"activationEvent":"*"}
[2020-05-19 01:02:01.346] [exthost] [info] ExtensionService#loadCommonJSModule file:///home/vlad/.vscode-oss/extensions/ritwickdey.liveserver-5.6.1/out/src/extension
[2020-05-19 01:02:03.132] [exthost] [info] ExtensionService#_doActivateExtension vscode-icons-team.vscode-icons {"startup":true,"extensionId":{"value":"vscode-icons-team.vscode-icons","_lower":"vscode-icons-team.vscode-icons"},"activationEvent":"*"}
[2020-05-19 01:02:03.133] [exthost] [info] ExtensionService#loadCommonJSModule file:///home/vlad/.vscode-oss/extensions/vscode-icons-team.vscode-icons-10.1.1/dist/src/vscode-icons.bundle.js
[2020-05-19 01:02:03.268] [exthost] [info] eager extensions activated
[2020-05-19 01:02:26.486] [exthost] [info] extension host started
[2020-05-19 01:02:26.512] [exthost] [info] ExtensionService#_doActivateExtension vscode.debug-auto-launch {"startup":true,"extensionId":{"value":"vscode.debug-auto-launch","_lower":"vscode.debug-auto-launch"},"activationEvent":"*"}
[2020-05-19 01:02:26.512] [exthost] [info] ExtensionService#loadCommonJSModule file:///usr/lib/code/extensions/debug-auto-launch/dist/extension
[2020-05-19 01:02:26.516] [exthost] [info] ExtensionService#_doActivateExtension vscode.emmet {"startup":true,"extensionId":{"value":"vscode.emmet","_lower":"vscode.emmet"},"activationEvent":"*"}
[2020-05-19 01:02:26.516] [exthost] [info] ExtensionService#loadCommonJSModule file:///usr/lib/code/extensions/emmet/dist/extension
[2020-05-19 01:02:26.528] [exthost] [info] ExtensionService#_doActivateExtension vscode.git {"startup":true,"extensionId":{"value":"vscode.git","_lower":"vscode.git"},"activationEvent":"*"}
[2020-05-19 01:02:26.528] [exthost] [info] ExtensionService#loadCommonJSModule file:///usr/lib/code/extensions/git/dist/main
[2020-05-19 01:02:26.544] [exthost] [info] ExtensionService#_doActivateExtension vscode.github-authentication {"startup":true,"extensionId":{"value":"vscode.github-authentication","_lower":"vscode.github-authentication"},"activationEvent":"*"}
[2020-05-19 01:02:26.544] [exthost] [info] ExtensionService#loadCommonJSModule file:///usr/lib/code/extensions/github-authentication/dist/extension.js
[2020-05-19 01:02:26.548] [exthost] [info] ExtensionService#_doActivateExtension vscode.merge-conflict {"startup":true,"extensionId":{"value":"vscode.merge-conflict","_lower":"vscode.merge-conflict"},"activationEvent":"*"}
[2020-05-19 01:02:26.548] [exthost] [info] ExtensionService#loadCommonJSModule file:///usr/lib/code/extensions/merge-conflict/dist/extension
[2020-05-19 01:02:26.550] [exthost] [info] ExtensionService#_doActivateExtension vscode.search-result {"startup":true,"extensionId":{"value":"vscode.search-result","_lower":"vscode.search-result"},"activationEvent":"*"}
[2020-05-19 01:02:26.550] [exthost] [info] ExtensionService#loadCommonJSModule file:///usr/lib/code/extensions/search-result/dist/extension.js
[2020-05-19 01:02:26.551] [exthost] [info] ExtensionService#_doActivateExtension vscode.vscode-account {"startup":true,"extensionId":{"value":"vscode.vscode-account","_lower":"vscode.vscode-account"},"activationEvent":"*"}
[2020-05-19 01:02:26.551] [exthost] [info] ExtensionService#loadCommonJSModule file:///usr/lib/code/extensions/vscode-account/dist/extension.js
[2020-05-19 01:02:26.555] [exthost] [info] ExtensionService#_doActivateExtension eamodio.gitlens {"startup":true,"extensionId":{"value":"eamodio.gitlens","_lower":"eamodio.gitlens"},"activationEvent":"*"}
[2020-05-19 01:02:26.555] [exthost] [info] ExtensionService#loadCommonJSModule file:///home/vlad/.vscode-oss/extensions/eamodio.gitlens-10.2.1/dist/extension
[2020-05-19 01:02:26.578] [exthost] [info] ExtensionService#_doActivateExtension ms-vscode.cpptools {"startup":true,"extensionId":{"value":"ms-vscode.cpptools","_lower":"ms-vscode.cpptools"},"activationEvent":"*"}
[2020-05-19 01:02:26.578] [exthost] [info] ExtensionService#loadCommonJSModule file:///home/vlad/.vscode-oss/extensions/ms-vscode.cpptools-0.28.0/dist/main
[2020-05-19 01:02:26.657] [exthost] [info] ExtensionService#_doActivateExtension ritwickdey.LiveServer {"startup":true,"extensionId":{"value":"ritwickdey.LiveServer","_lower":"ritwickdey.liveserver"},"activationEvent":"*"}
[2020-05-19 01:02:26.657] [exthost] [info] ExtensionService#loadCommonJSModule file:///home/vlad/.vscode-oss/extensions/ritwickdey.liveserver-5.6.1/out/src/extension
[2020-05-19 01:02:26.927] [exthost] [info] ExtensionService#_doActivateExtension vscode-icons-team.vscode-icons {"startup":true,"extensionId":{"value":"vscode-icons-team.vscode-icons","_lower":"vscode-icons-team.vscode-icons"},"activationEvent":"*"}
[2020-05-19 01:02:26.927] [exthost] [info] ExtensionService#loadCommonJSModule file:///home/vlad/.vscode-oss/extensions/vscode-icons-team.vscode-icons-10.1.1/dist/src/vscode-icons.bundle.js
[2020-05-19 01:02:26.952] [exthost] [info] eager extensions activated
[2020-05-19 01:02:47.979] [exthost] [info] extension host started
[2020-05-19 01:02:47.994] [exthost] [info] ExtensionService#_doActivateExtension vscode.debug-auto-launch {"startup":true,"extensionId":{"value":"vscode.debug-auto-launch","_lower":"vscode.debug-auto-launch"},"activationEvent":"*"}
[2020-05-19 01:02:47.994] [exthost] [info] ExtensionService#loadCommonJSModule file:///usr/lib/code/extensions/debug-auto-launch/dist/extension
[2020-05-19 01:02:47.996] [exthost] [info] ExtensionService#_doActivateExtension vscode.emmet {"startup":true,"extensionId":{"value":"vscode.emmet","_lower":"vscode.emmet"},"activationEvent":"*"}
[2020-05-19 01:02:47.996] [exthost] [info] ExtensionService#loadCommonJSModule file:///usr/lib/code/extensions/emmet/dist/extension
[2020-05-19 01:02:48.005] [exthost] [info] ExtensionService#_doActivateExtension vscode.git {"startup":true,"extensionId":{"value":"vscode.git","_lower":"vscode.git"},"activationEvent":"*"}
[2020-05-19 01:02:48.005] [exthost] [info] ExtensionService#loadCommonJSModule file:///usr/lib/code/extensions/git/dist/main
[2020-05-19 01:02:48.019] [exthost] [info] ExtensionService#_doActivateExtension vscode.github-authentication {"startup":true,"extensionId":{"value":"vscode.github-authentication","_lower":"vscode.github-authentication"},"activationEvent":"*"}
[2020-05-19 01:02:48.019] [exthost] [info] ExtensionService#loadCommonJSModule file:///usr/lib/code/extensions/github-authentication/dist/extension.js
[2020-05-19 01:02:48.023] [exthost] [info] ExtensionService#_doActivateExtension vscode.merge-conflict {"startup":true,"extensionId":{"value":"vscode.merge-conflict","_lower":"vscode.merge-conflict"},"activationEvent":"*"}
[2020-05-19 01:02:48.023] [exthost] [info] ExtensionService#loadCommonJSModule file:///usr/lib/code/extensions/merge-conflict/dist/extension
[2020-05-19 01:02:48.025] [exthost] [info] ExtensionService#_doActivateExtension vscode.search-result {"startup":true,"extensionId":{"value":"vscode.search-result","_lower":"vscode.search-result"},"activationEvent":"*"}
[2020-05-19 01:02:48.025] [exthost] [info] ExtensionService#loadCommonJSModule file:///usr/lib/code/extensions/search-result/dist/extension.js
[2020-05-19 01:02:48.025] [exthost] [info] ExtensionService#_doActivateExtension vscode.vscode-account {"startup":true,"extensionId":{"value":"vscode.vscode-account","_lower":"vscode.vscode-account"},"activationEvent":"*"}
[2020-05-19 01:02:48.025] [exthost] [info] ExtensionService#loadCommonJSModule file:///usr/lib/code/extensions/vscode-account/dist/extension.js
[2020-05-19 01:02:48.029] [exthost] [info] ExtensionService#_doActivateExtension eamodio.gitlens {"startup":true,"extensionId":{"value":"eamodio.gitlens","_lower":"eamodio.gitlens"},"activationEvent":"*"}
[2020-05-19 01:02:48.029] [exthost] [info] ExtensionService#loadCommonJSModule file:///home/vlad/.vscode-oss/extensions/eamodio.gitlens-10.2.1/dist/extension
[2020-05-19 01:02:48.049] [exthost] [info] ExtensionService#_doActivateExtension ms-vscode.cpptools {"startup":true,"extensionId":{"value":"ms-vscode.cpptools","_lower":"ms-vscode.cpptools"},"activationEvent":"*"}
[2020-05-19 01:02:48.049] [exthost] [info] ExtensionService#loadCommonJSModule file:///home/vlad/.vscode-oss/extensions/ms-vscode.cpptools-0.28.0/dist/main
[2020-05-19 01:02:48.089] [exthost] [info] ExtensionService#_doActivateExtension ritwickdey.LiveServer {"startup":true,"extensionId":{"value":"ritwickdey.LiveServer","_lower":"ritwickdey.liveserver"},"activationEvent":"*"}
[2020-05-19 01:02:48.089] [exthost] [info] ExtensionService#loadCommonJSModule file:///home/vlad/.vscode-oss/extensions/ritwickdey.liveserver-5.6.1/out/src/extension
[2020-05-19 01:02:48.310] [exthost] [info] ExtensionService#_doActivateExtension vscode-icons-team.vscode-icons {"startup":true,"extensionId":{"value":"vscode-icons-team.vscode-icons","_lower":"vscode-icons-team.vscode-icons"},"activationEvent":"*"}
[2020-05-19 01:02:48.311] [exthost] [info] ExtensionService#loadCommonJSModule file:///home/vlad/.vscode-oss/extensions/vscode-icons-team.vscode-icons-10.1.1/dist/src/vscode-icons.bundle.js
[2020-05-19 01:02:48.328] [exthost] [info] eager extensions activated
